Replace Part C? 08051C103JAT2A in C:\Users\valer\OneDrive - IPSA\Annexe\GitHub\microwave_pcb\PCB\microwave_control_panel\Schematic_1.SchDoc with 08051C103JAT2A from Schematic_Library_1.SchLib
Replace Part C? 08051C103JAT2A in C:\Users\valer\OneDrive - IPSA\Annexe\GitHub\microwave_pcb\PCB\microwave_control_panel\Schematic_1.SchDoc with 08051C103JAT2A from Schematic_Library_1.SchLib
Replace Part C? 08051C103JAT2A in C:\Users\valer\OneDrive - IPSA\Annexe\GitHub\microwave_pcb\PCB\microwave_control_panel\Schematic_1.SchDoc with 08051C103JAT2A from Schematic_Library_1.SchLib
Replace Part C? 08053C472K4Z2A in C:\Users\valer\OneDrive - IPSA\Annexe\GitHub\microwave_pcb\PCB\microwave_control_panel\Schematic_1.SchDoc with 08053C472K4Z2A from Schematic_Library_1.SchLib
Replace Part C? 08051C103JAT2A in C:\Users\valer\OneDrive - IPSA\Annexe\GitHub\microwave_pcb\PCB\microwave_control_panel\Schematic_1.SchDoc with 08051C103JAT2A from Schematic_Library_1.SchLib
Replace Part C? 08051C103JAT2A in C:\Users\valer\OneDrive - IPSA\Annexe\GitHub\microwave_pcb\PCB\microwave_control_panel\Schematic_1.SchDoc with 08051C103JAT2A from Schematic_Library_1.SchLib
Replace Part C? 08051C103JAT2A in C:\Users\valer\OneDrive - IPSA\Annexe\GitHub\microwave_pcb\PCB\microwave_control_panel\Schematic_1.SchDoc with 08051C103JAT2A from Schematic_Library_1.SchLib
Replace Part C? 08051C103JAT2A in C:\Users\valer\OneDrive - IPSA\Annexe\GitHub\microwave_pcb\PCB\microwave_control_panel\Schematic_1.SchDoc with 08051C103JAT2A from Schematic_Library_1.SchLib
Replace Part C? 08051C103JAT2A in C:\Users\valer\OneDrive - IPSA\Annexe\GitHub\microwave_pcb\PCB\microwave_control_panel\Schematic_1.SchDoc with 08051C103JAT2A from Schematic_Library_1.SchLib
Replace Part C? 08051C103JAT2A in C:\Users\valer\OneDrive - IPSA\Annexe\GitHub\microwave_pcb\PCB\microwave_control_panel\Schematic_1.SchDoc with 08051C103JAT2A from Schematic_Library_1.SchLib
Replace Part H? 1 pin header in C:\Users\valer\OneDrive - IPSA\Annexe\GitHub\microwave_pcb\PCB\microwave_control_panel\Schematic_1.SchDoc with 1 pin header from Schematic_Library_1.SchLib
Replace Part H? 1 pin header in C:\Users\valer\OneDrive - IPSA\Annexe\GitHub\microwave_pcb\PCB\microwave_control_panel\Schematic_1.SchDoc with 1 pin header from Schematic_Library_1.SchLib
Replace Part H? 1 pin header in C:\Users\valer\OneDrive - IPSA\Annexe\GitHub\microwave_pcb\PCB\microwave_control_panel\Schematic_1.SchDoc with 1 pin header from Schematic_Library_1.SchLib
Replace Part H? 1 pin header in C:\Users\valer\OneDrive - IPSA\Annexe\GitHub\microwave_pcb\PCB\microwave_control_panel\Schematic_1.SchDoc with 1 pin header from Schematic_Library_1.SchLib
Replace Part H? 1 pin header in C:\Users\valer\OneDrive - IPSA\Annexe\GitHub\microwave_pcb\PCB\microwave_control_panel\Schematic_1.SchDoc with 1 pin header from Schematic_Library_1.SchLib
Replace Part J? PJ-002A in C:\Users\valer\OneDrive - IPSA\Annexe\GitHub\microwave_pcb\PCB\microwave_control_panel\Schematic_1.SchDoc with PJ-002A from Schematic_Library_1.SchLib
Replace Part R? RCG080510R0FKEA in C:\Users\valer\OneDrive - IPSA\Annexe\GitHub\microwave_pcb\PCB\microwave_control_panel\Schematic_1.SchDoc with RCG080510R0FKEA from Schematic_Library_1.SchLib
Replace Part R? RG2012P-472-B-T5 in C:\Users\valer\OneDrive - IPSA\Annexe\GitHub\microwave_pcb\PCB\microwave_control_panel\Schematic_1.SchDoc with RG2012P-472-B-T5 from Schematic_Library_1.SchLib
Replace Part SW? TS02-66-160-BK-100-LCR-D in C:\Users\valer\OneDrive - IPSA\Annexe\GitHub\microwave_pcb\PCB\microwave_control_panel\Schematic_1.SchDoc with TS02-66-160-BK-100-LCR-D from Schematic_Library_1.SchLib
Replace Part U? TPS7B92050DBVR in C:\Users\valer\OneDrive - IPSA\Annexe\GitHub\microwave_pcb\PCB\microwave_control_panel\Schematic_1.SchDoc with TPS7B92050DBVR from Schematic_Library_1.SchLib
Replace Part U? MMBZ16VAT-QR in C:\Users\valer\OneDrive - IPSA\Annexe\GitHub\microwave_pcb\PCB\microwave_control_panel\Schematic_1.SchDoc with MMBZ16VAT-QR from Schematic_Library_1.SchLib
Replace Part U? PIC18F15Q20T-ISO in C:\Users\valer\OneDrive - IPSA\Annexe\GitHub\microwave_pcb\PCB\microwave_control_panel\Schematic_1.SchDoc with PIC18F15Q20T-ISO from Schematic_Library_1.SchLib
Replace Part U? MIC5365-2.0YC5-TR in C:\Users\valer\OneDrive - IPSA\Annexe\GitHub\microwave_pcb\PCB\microwave_control_panel\Schematic_1.SchDoc with MIC5365-2.0YC5-TR from Schematic_Library_1.SchLib
Replace Part XO? CB3-3C-64M0000 in C:\Users\valer\OneDrive - IPSA\Annexe\GitHub\microwave_pcb\PCB\microwave_control_panel\Schematic_1.SchDoc with CB3-3C-64M0000 from Schematic_Library_1.SchLib
