Replace Part C1 08051C103JAT2A in C:\Users\valer\OneDrive - IPSA\Annexe\GitHub\microwave_pcb\PCB\microwave_control_panel\Schematic_1.SchDoc with 08051C103JAT2A from Schematic_Library_1.SchLib
Replace Part C2 08051C103JAT2A in C:\Users\valer\OneDrive - IPSA\Annexe\GitHub\microwave_pcb\PCB\microwave_control_panel\Schematic_1.SchDoc with 08051C103JAT2A from Schematic_Library_1.SchLib
Replace Part C3 08053C472K4Z2A in C:\Users\valer\OneDrive - IPSA\Annexe\GitHub\microwave_pcb\PCB\microwave_control_panel\Schematic_1.SchDoc with 08053C472K4Z2A from Schematic_Library_1.SchLib
Replace Part C4 08051C103JAT2A in C:\Users\valer\OneDrive - IPSA\Annexe\GitHub\microwave_pcb\PCB\microwave_control_panel\Schematic_1.SchDoc with 08051C103JAT2A from Schematic_Library_1.SchLib
Replace Part C5 08051C103JAT2A in C:\Users\valer\OneDrive - IPSA\Annexe\GitHub\microwave_pcb\PCB\microwave_control_panel\Schematic_1.SchDoc with 08051C103JAT2A from Schematic_Library_1.SchLib
Replace Part C6 08051C103JAT2A in C:\Users\valer\OneDrive - IPSA\Annexe\GitHub\microwave_pcb\PCB\microwave_control_panel\Schematic_1.SchDoc with 08051C103JAT2A from Schematic_Library_1.SchLib
Replace Part C7 08051C103JAT2A in C:\Users\valer\OneDrive - IPSA\Annexe\GitHub\microwave_pcb\PCB\microwave_control_panel\Schematic_1.SchDoc with 08051C103JAT2A from Schematic_Library_1.SchLib
Replace Part C8 08051C103JAT2A in C:\Users\valer\OneDrive - IPSA\Annexe\GitHub\microwave_pcb\PCB\microwave_control_panel\Schematic_1.SchDoc with 08051C103JAT2A from Schematic_Library_1.SchLib
Replace Part C9 08051C103JAT2A in C:\Users\valer\OneDrive - IPSA\Annexe\GitHub\microwave_pcb\PCB\microwave_control_panel\Schematic_1.SchDoc with 08051C103JAT2A from Schematic_Library_1.SchLib
Replace Part C10 08051C103JAT2A in C:\Users\valer\OneDrive - IPSA\Annexe\GitHub\microwave_pcb\PCB\microwave_control_panel\Schematic_1.SchDoc with 08051C103JAT2A from Schematic_Library_1.SchLib
Replace Part C11 08051C103JAT2A in C:\Users\valer\OneDrive - IPSA\Annexe\GitHub\microwave_pcb\PCB\microwave_control_panel\Schematic_1.SchDoc with 08051C103JAT2A from Schematic_Library_1.SchLib
Replace Part H1 1 pin header in C:\Users\valer\OneDrive - IPSA\Annexe\GitHub\microwave_pcb\PCB\microwave_control_panel\Schematic_1.SchDoc with 1 pin header from Schematic_Library_1.SchLib
Replace Part H2 1 pin header in C:\Users\valer\OneDrive - IPSA\Annexe\GitHub\microwave_pcb\PCB\microwave_control_panel\Schematic_1.SchDoc with 1 pin header from Schematic_Library_1.SchLib
Replace Part H3 1 pin header in C:\Users\valer\OneDrive - IPSA\Annexe\GitHub\microwave_pcb\PCB\microwave_control_panel\Schematic_1.SchDoc with 1 pin header from Schematic_Library_1.SchLib
Replace Part H4 1 pin header in C:\Users\valer\OneDrive - IPSA\Annexe\GitHub\microwave_pcb\PCB\microwave_control_panel\Schematic_1.SchDoc with 1 pin header from Schematic_Library_1.SchLib
Replace Part H5 1 pin header in C:\Users\valer\OneDrive - IPSA\Annexe\GitHub\microwave_pcb\PCB\microwave_control_panel\Schematic_1.SchDoc with 1 pin header from Schematic_Library_1.SchLib
Replace Part J1 PJ-002A in C:\Users\valer\OneDrive - IPSA\Annexe\GitHub\microwave_pcb\PCB\microwave_control_panel\Schematic_1.SchDoc with PJ-002A from Schematic_Library_1.SchLib
Replace Part LED1 156120VS75300 in C:\Users\valer\OneDrive - IPSA\Annexe\GitHub\microwave_pcb\PCB\microwave_control_panel\Schematic_1.SchDoc with 156120VS75300 from Schematic_Library_1.SchLib
Replace Part LS1 CMI-9605IC-0380T in C:\Users\valer\OneDrive - IPSA\Annexe\GitHub\microwave_pcb\PCB\microwave_control_panel\Schematic_1.SchDoc with CMI-9605IC-0380T from Schematic_Library_1.SchLib
Replace Part R1 RCG080510R0FKEA in C:\Users\valer\OneDrive - IPSA\Annexe\GitHub\microwave_pcb\PCB\microwave_control_panel\Schematic_1.SchDoc with RCG080510R0FKEA from Schematic_Library_1.SchLib
Replace Part R2 RG2012P-472-B-T5 in C:\Users\valer\OneDrive - IPSA\Annexe\GitHub\microwave_pcb\PCB\microwave_control_panel\Schematic_1.SchDoc with RG2012P-472-B-T5 from Schematic_Library_1.SchLib
Replace Part R3 RG2012P-472-B-T5 in C:\Users\valer\OneDrive - IPSA\Annexe\GitHub\microwave_pcb\PCB\microwave_control_panel\Schematic_1.SchDoc with RG2012P-472-B-T5 from Schematic_Library_1.SchLib
Replace Part R4 RG2012P-472-B-T5 in C:\Users\valer\OneDrive - IPSA\Annexe\GitHub\microwave_pcb\PCB\microwave_control_panel\Schematic_1.SchDoc with RG2012P-472-B-T5 from Schematic_Library_1.SchLib
Replace Part R5 RG2012P-472-B-T5 in C:\Users\valer\OneDrive - IPSA\Annexe\GitHub\microwave_pcb\PCB\microwave_control_panel\Schematic_1.SchDoc with RG2012P-472-B-T5 from Schematic_Library_1.SchLib
Replace Part R6 RG2012P-472-B-T5 in C:\Users\valer\OneDrive - IPSA\Annexe\GitHub\microwave_pcb\PCB\microwave_control_panel\Schematic_1.SchDoc with RG2012P-472-B-T5 from Schematic_Library_1.SchLib
Replace Part R7 RG2012P-472-B-T5 in C:\Users\valer\OneDrive - IPSA\Annexe\GitHub\microwave_pcb\PCB\microwave_control_panel\Schematic_1.SchDoc with RG2012P-472-B-T5 from Schematic_Library_1.SchLib
Replace Part R8 RG2012P-472-B-T5 in C:\Users\valer\OneDrive - IPSA\Annexe\GitHub\microwave_pcb\PCB\microwave_control_panel\Schematic_1.SchDoc with RG2012P-472-B-T5 from Schematic_Library_1.SchLib
Replace Part R9 RG2012P-472-B-T5 in C:\Users\valer\OneDrive - IPSA\Annexe\GitHub\microwave_pcb\PCB\microwave_control_panel\Schematic_1.SchDoc with RG2012P-472-B-T5 from Schematic_Library_1.SchLib
Replace Part R10 RG2012P-472-B-T5 in C:\Users\valer\OneDrive - IPSA\Annexe\GitHub\microwave_pcb\PCB\microwave_control_panel\Schematic_1.SchDoc with RG2012P-472-B-T5 from Schematic_Library_1.SchLib
Replace Part R11 RCG080510R0FKEA in C:\Users\valer\OneDrive - IPSA\Annexe\GitHub\microwave_pcb\PCB\microwave_control_panel\Schematic_1.SchDoc with RCG080510R0FKEA from Schematic_Library_1.SchLib
Replace Part R12 RCG080510R0FKEA in C:\Users\valer\OneDrive - IPSA\Annexe\GitHub\microwave_pcb\PCB\microwave_control_panel\Schematic_1.SchDoc with RCG080510R0FKEA from Schematic_Library_1.SchLib
Replace Part R13 RCG080510R0FKEA in C:\Users\valer\OneDrive - IPSA\Annexe\GitHub\microwave_pcb\PCB\microwave_control_panel\Schematic_1.SchDoc with RCG080510R0FKEA from Schematic_Library_1.SchLib
Replace Part R14 RCG080510R0FKEA in C:\Users\valer\OneDrive - IPSA\Annexe\GitHub\microwave_pcb\PCB\microwave_control_panel\Schematic_1.SchDoc with RCG080510R0FKEA from Schematic_Library_1.SchLib
Replace Part R15 RCG080510R0FKEA in C:\Users\valer\OneDrive - IPSA\Annexe\GitHub\microwave_pcb\PCB\microwave_control_panel\Schematic_1.SchDoc with RCG080510R0FKEA from Schematic_Library_1.SchLib
Replace Part R16 RCG080510R0FKEA in C:\Users\valer\OneDrive - IPSA\Annexe\GitHub\microwave_pcb\PCB\microwave_control_panel\Schematic_1.SchDoc with RCG080510R0FKEA from Schematic_Library_1.SchLib
Replace Part R17 RCG080510R0FKEA in C:\Users\valer\OneDrive - IPSA\Annexe\GitHub\microwave_pcb\PCB\microwave_control_panel\Schematic_1.SchDoc with RCG080510R0FKEA from Schematic_Library_1.SchLib
Replace Part RSW1 GP56010-15 in C:\Users\valer\OneDrive - IPSA\Annexe\GitHub\microwave_pcb\PCB\microwave_control_panel\Schematic_1.SchDoc with GP56010-15 from Schematic_Library_1.SchLib
Replace Part SW1 TS02-66-160-BK-100-LCR-D in C:\Users\valer\OneDrive - IPSA\Annexe\GitHub\microwave_pcb\PCB\microwave_control_panel\Schematic_1.SchDoc with TS02-66-160-BK-100-LCR-D from Schematic_Library_1.SchLib
Replace Part U1 288T232R161A1 in C:\Users\valer\OneDrive - IPSA\Annexe\GitHub\microwave_pcb\PCB\microwave_control_panel\Schematic_1.SchDoc with 288T232R161A1 from Schematic_Library_1.SchLib
Replace Part U2 288T232R161A1 in C:\Users\valer\OneDrive - IPSA\Annexe\GitHub\microwave_pcb\PCB\microwave_control_panel\Schematic_1.SchDoc with 288T232R161A1 from Schematic_Library_1.SchLib
Replace Part U3 MIC5365-2.0YC5-TR in C:\Users\valer\OneDrive - IPSA\Annexe\GitHub\microwave_pcb\PCB\microwave_control_panel\Schematic_1.SchDoc with MIC5365-2.0YC5-TR from Schematic_Library_1.SchLib
Replace Part U4 TPS7B92050DBVR in C:\Users\valer\OneDrive - IPSA\Annexe\GitHub\microwave_pcb\PCB\microwave_control_panel\Schematic_1.SchDoc with TPS7B92050DBVR from Schematic_Library_1.SchLib
Replace Part U5 MMBZ16VAT-QR in C:\Users\valer\OneDrive - IPSA\Annexe\GitHub\microwave_pcb\PCB\microwave_control_panel\Schematic_1.SchDoc with MMBZ16VAT-QR from Schematic_Library_1.SchLib
Replace Part U6 PIC18F15Q20T-ISO in C:\Users\valer\OneDrive - IPSA\Annexe\GitHub\microwave_pcb\PCB\microwave_control_panel\Schematic_1.SchDoc with PIC18F15Q20T-ISO from Schematic_Library_1.SchLib
Replace Part U7 PCAL6416APW in C:\Users\valer\OneDrive - IPSA\Annexe\GitHub\microwave_pcb\PCB\microwave_control_panel\Schematic_1.SchDoc with PCAL6416APW from Schematic_Library_1.SchLib
Replace Part U8 TDCR1060M in C:\Users\valer\OneDrive - IPSA\Annexe\GitHub\microwave_pcb\PCB\microwave_control_panel\Schematic_1.SchDoc with TDCR1060M from Schematic_Library_1.SchLib
Replace Part XO1 CB3-3C-64M0000 in C:\Users\valer\OneDrive - IPSA\Annexe\GitHub\microwave_pcb\PCB\microwave_control_panel\Schematic_1.SchDoc with CB3-3C-64M0000 from Schematic_Library_1.SchLib
