Removed Pin From Net: NetName=GND Pin=C6-1
Removed Pin From Net: NetName=VDDIO2 Pin=R3-2
Removed Pin From Net: NetName=VDDIO2 Pin=R4-2
Removed Pin From Net: NetName=PIN1 Pin=R12-1
Removed Pin From Net: NetName=PIN2 Pin=R13-1
Removed Pin From Net: NetName=PIN4 Pin=R14-1
Removed Pin From Net: NetName=PIN6 Pin=R15-1
Removed Pin From Net: NetName=PIN10 Pin=R16-2
Removed Pin From Net: NetName=PIN8 Pin=R17-1
Removed Pin From Net: NetName=GND Pin=U2-C
Removed Pin From Net: NetName=VDDIO2 Pin=U3-1
Removed Pin From Net: NetName=GND Pin=U3-2
Removed Pin From Net: NetName=VDDIO2 Pin=U3-3
Removed Pin From Net: NetName=NetR12_2 Pin=U8-1
Removed Pin From Net: NetName=PIN3 Pin=U8-3
Removed Pin From Net: NetName=PIN5 Pin=U8-5
Removed Pin From Net: NetName=NetR15_2 Pin=U8-6
Removed Pin From Net: NetName=PIN7 Pin=U8-7
Removed Pin From Net: NetName=PIN9 Pin=U8-9
Removed Pin From Net: NetName=NetR16_1 Pin=U8-10
Removed Pin From Net: NetName=PIN11 Pin=U8-11
Removed Pin From Net: NetName=PIN12 Pin=U8-12
Removed Pin From Net: NetName=PIN13 Pin=U8-13
Removed Pin From Net: NetName=PIN14 Pin=U8-14
Removed Pin From Net: NetName=PIN15 Pin=U8-15
Removed Pin From Net: NetName=PIN16 Pin=U8-16
Removed Member From Class: ClassName=Schematic_1 Member=C6
Removed Member From Class: ClassName=Schematic_1 Member=U3
Change Component Footprint: Designator=U2 Old Footprint=288T232R161A1 New Footprint=2002111655
Change Component Footprint: Designator=R3 Old Footprint=RES_1220_SUS New Footprint=0805_VIS
Change Component Footprint: Designator=R4 Old Footprint=RES_1220_SUS New Footprint=0805_VIS
Change Component Comment : Designator=R3 Old Comment=4.7K New Comment=250R
Change Component Comment : Designator=R4 Old Comment=4.7K New Comment=250R
Change Component Comment : Designator=R12 Old Comment=100R New Comment=250R
Change Component Comment : Designator=R13 Old Comment=100R New Comment=250R
Change Component Comment : Designator=R14 Old Comment=100R New Comment=250R
Change Component Comment : Designator=R15 Old Comment=100R New Comment=250R
Change Component Comment : Designator=R16 Old Comment=100R New Comment=250R
Change Component Comment : Designator=R17 Old Comment=100R New Comment=250R
Change Component Comment : Designator=U2 Old Comment=Encoder New Comment=Potentiometer
Change component parameters: Designator = "R3" ("R3"); Footprint = "RES_1220_SUS"; UniqueID = "\NLBUEPSM" ("\NLBUEPSM")
Change component parameters (AddParameter): Name = "Mfr_Name"; Value = "Vishay"; VariantName = "[No Variations]"
Change component parameters (AddParameter): Name = "RefDes"; Value = ""; VariantName = "[No Variations]"
Change component parameters (AddParameter): Name = "Type"; Value = ""; VariantName = "[No Variations]"
Change component parameters: Designator = "R4" ("R4"); Footprint = "RES_1220_SUS"; UniqueID = "\ZMMCIBCW" ("\ZMMCIBCW")
Change component parameters (AddParameter): Name = "Mfr_Name"; Value = "Vishay"; VariantName = "[No Variations]"
Change component parameters (AddParameter): Name = "RefDes"; Value = ""; VariantName = "[No Variations]"
Change component parameters (AddParameter): Name = "Type"; Value = ""; VariantName = "[No Variations]"
Added Component: Designator=R18(0805_VIS)
Add component (AddParameter): Name = "Mfr_Name"; Value = "Vishay"; VariantName = "[No Variations]"
Add component (AddParameter): Name = "RefDes"; Value = ""; VariantName = "[No Variations]"
Add component (AddParameter): Name = "Type"; Value = ""; VariantName = "[No Variations]"
Added Component: Designator=R19(0805_VIS)
Add component (AddParameter): Name = "Mfr_Name"; Value = "Vishay"; VariantName = "[No Variations]"
Add component (AddParameter): Name = "RefDes"; Value = ""; VariantName = "[No Variations]"
Add component (AddParameter): Name = "Type"; Value = ""; VariantName = "[No Variations]"
Added Pin To Net: NetName=PIN16 Pin=R3-2
Added Pin To Net: NetName=PIN15 Pin=R4-2
Added Pin To Net: NetName=PIN3 Pin=R12-1
Added Pin To Net: NetName=PIN14 Pin=R13-2
Added Pin To Net: NetName=PIN13 Pin=R14-2
Added Pin To Net: NetName=PIN5 Pin=R15-1
Added Pin To Net: NetName=PIN12 Pin=R16-2
Added Pin To Net: NetName=PIN11 Pin=R17-2
Added Pin To Net: NetName=PIN7 Pin=R18-1
Added Pin To Net: NetName=PIN9 Pin=R19-2
Added Pin To Net: NetName=VDDIO2 Pin=U2-1
Added Pin To Net: NetName=GND Pin=U2-2
Added Pin To Net: NetName=VDDIO2 Pin=U7-21
Added Pin To Net: NetName=VDDIO2 Pin=U7-24
Added Pin To Net: NetName=PIN1 Pin=U8-1
Added Pin To Net: NetName=PIN2 Pin=U8-2
Added Pin To Net: NetName=NetR12_2 Pin=U8-3
Added Pin To Net: NetName=PIN4 Pin=U8-4
Added Pin To Net: NetName=NetR15_2 Pin=U8-5
Added Pin To Net: NetName=PIN6 Pin=U8-6
Added Pin To Net: NetName=PIN8 Pin=U8-8
Added Pin To Net: NetName=PIN10 Pin=U8-10
Added Pin To Net: NetName=NetR16_1 Pin=U8-12
Added Pin To Net: NetName=NetR3_1 Pin=R3-1
Added Pin To Net: NetName=NetR3_1 Pin=U8-16
Added Net: Name=NetR3_1
Added Pin To Net: NetName=NetR4_1 Pin=R4-1
Added Pin To Net: NetName=NetR4_1 Pin=U8-15
Added Net: Name=NetR4_1
Added Pin To Net: NetName=NetR13_1 Pin=R13-1
Added Pin To Net: NetName=NetR13_1 Pin=U8-14
Added Net: Name=NetR13_1
Added Pin To Net: NetName=NetR14_1 Pin=R14-1
Added Pin To Net: NetName=NetR14_1 Pin=U8-13
Added Net: Name=NetR14_1
Added Pin To Net: NetName=NetR17_1 Pin=R17-1
Added Pin To Net: NetName=NetR17_1 Pin=U8-11
Added Net: Name=NetR17_1
Added Pin To Net: NetName=NetR18_2 Pin=R18-2
Added Pin To Net: NetName=NetR18_2 Pin=U8-7
Added Net: Name=NetR18_2
Added Pin To Net: NetName=NetR19_1 Pin=R19-1
Added Pin To Net: NetName=NetR19_1 Pin=U8-9
Added Net: Name=NetR19_1
Added Pin To Net: NetName=POT1 Pin=U2-3
Added Pin To Net: NetName=POT1 Pin=U6-7
Added Net: Name=POT1
Added Member To Class: ClassName=Schematic_1 Member=Component R18 250R
Added Member To Class: ClassName=Schematic_1 Member=Component R19 250R
